<?xml version="1.0" encoding="UTF-8"?>
<coverage generated="1779293483087" clover="3.2.0">
  <project timestamp="1779293483087" name="All files">
    <metrics statements="20" coveredstatements="20" conditionals="8" coveredconditionals="7" methods="5" coveredmethods="5" elements="33" coveredelements="32" complexity="0" loc="20" ncloc="20" packages="1" files="2" classes="2"/>
    <file name="App.tsx" path="/Users/matt/Work/beautifyJsonLog/vscode-extension/src/webview/App.tsx">
      <metrics statements="15" coveredstatements="15" conditionals="7" coveredconditionals="7" methods="4" coveredmethods="4"/>
      <line num="1" count="1" type="stmt"/>
      <line num="2" count="1" type="stmt"/>
      <line num="3" count="1" type="stmt"/>
      <line num="5" count="1" type="stmt"/>
      <line num="13" count="1" type="stmt"/>
      <line num="19" count="1" type="stmt"/>
      <line num="28" count="1" type="stmt"/>
      <line num="29" count="6" type="stmt"/>
      <line num="31" count="6" type="stmt"/>
      <line num="33" count="3" type="stmt"/>
      <line num="34" count="3" type="cond" truecount="1" falsecount="0"/>
      <line num="35" count="2" type="stmt"/>
      <line num="38" count="4" type="stmt"/>
      <line num="39" count="4" type="stmt"/>
      <line num="42" count="6" type="stmt"/>
    </file>
    <file name="parseJson.ts" path="/Users/matt/Work/beautifyJsonLog/vscode-extension/src/webview/parseJson.ts">
      <metrics statements="5" coveredstatements="5" conditionals="1" coveredconditionals="0" methods="1" coveredmethods="1"/>
      <line num="6" count="1" type="stmt"/>
      <line num="7" count="2" type="cond" truecount="0" falsecount="1"/>
      <line num="8" count="2" type="stmt"/>
      <line num="9" count="2" type="stmt"/>
      <line num="11" count="1" type="stmt"/>
    </file>
  </project>
</coverage>
