{"/Users/matt/Work/beautifyJsonLog/vscode-extension/src/webview/App.tsx": {"path":"/Users/matt/Work/beautifyJsonLog/vscode-extension/src/webview/App.tsx","statementMap":{"0":{"start":{"line":28,"column":0},"end":{"line":28,"column":16}},"1":{"start":{"line":1,"column":0},"end":{"line":1,"column":51}},"2":{"start":{"line":2,"column":0},"end":{"line":2,"column":59}},"3":{"start":{"line":3,"column":0},"end":{"line":3,"column":51}},"4":{"start":{"line":5,"column":44},"end":{"line":11,"column":2}},"5":{"start":{"line":13,"column":42},"end":{"line":17,"column":2}},"6":{"start":{"line":19,"column":40},"end":{"line":26,"column":2}},"7":{"start":{"line":29,"column":28},"end":{"line":29,"column":66}},"8":{"start":{"line":31,"column":2},"end":{"line":40,"column":9}},"9":{"start":{"line":33,"column":18},"end":{"line":33,"column":63}},"10":{"start":{"line":34,"column":6},"end":{"line":36,"column":7}},"11":{"start":{"line":35,"column":8},"end":{"line":35,"column":39}},"12":{"start":{"line":38,"column":4},"end":{"line":38,"column":50}},"13":{"start":{"line":39,"column":4},"end":{"line":39,"column":66}},"14":{"start":{"line":39,"column":17},"end":{"line":39,"column":65}},"15":{"start":{"line":42,"column":2},"end":{"line":56,"column":4}}},"fnMap":{"0":{"name":"App","decl":{"start":{"line":28,"column":16},"end":{"line":28,"column":19}},"loc":{"start":{"line":28,"column":19},"end":{"line":57,"column":1}}},"1":{"name":"(anonymous_10)","decl":{"start":{"line":31,"column":12},"end":{"line":31,"column":15}},"loc":{"start":{"line":31,"column":17},"end":{"line":40,"column":3}}},"2":{"name":"onMessage","decl":{"start":{"line":32,"column":13},"end":{"line":32,"column":22}},"loc":{"start":{"line":32,"column":42},"end":{"line":37,"column":5}}},"3":{"name":"(anonymous_12)","decl":{"start":{"line":39,"column":11},"end":{"line":39,"column":14}},"loc":{"start":{"line":39,"column":17},"end":{"line":39,"column":65}}}},"branchMap":{"0":{"loc":{"start":{"line":34,"column":6},"end":{"line":36,"column":7}},"type":"if","locations":[{"start":{"line":34,"column":6},"end":{"line":36,"column":7}}]},"1":{"loc":{"start":{"line":44,"column":7},"end":{"line":47,"column":null}},"type":"binary-expr","locations":[{"start":{"line":44,"column":7},"end":{"line":44,"column":29}},{"start":{"line":45,"column":8},"end":{"line":45,"column":null}}]},"2":{"loc":{"start":{"line":49,"column":7},"end":{"line":50,"column":null}},"type":"binary-expr","locations":[{"start":{"line":49,"column":7},"end":{"line":49,"column":29}},{"start":{"line":50,"column":8},"end":{"line":50,"column":63}}]},"3":{"loc":{"start":{"line":52,"column":7},"end":{"line":53,"column":null}},"type":"binary-expr","locations":[{"start":{"line":52,"column":7},"end":{"line":52,"column":29}},{"start":{"line":53,"column":8},"end":{"line":53,"column":63}}]}},"s":{"0":1,"1":1,"2":1,"3":1,"4":1,"5":1,"6":1,"7":6,"8":6,"9":3,"10":3,"11":2,"12":4,"13":4,"14":4,"15":6},"f":{"0":6,"1":4,"2":3,"3":4},"b":{"0":[2],"1":[6,4],"2":[6,1],"3":[6,1]}}
,"/Users/matt/Work/beautifyJsonLog/vscode-extension/src/webview/parseJson.ts": {"path":"/Users/matt/Work/beautifyJsonLog/vscode-extension/src/webview/parseJson.ts","statementMap":{"0":{"start":{"line":6,"column":0},"end":{"line":6,"column":16}},"1":{"start":{"line":7,"column":2},"end":{"line":7,"column":45}},"2":{"start":{"line":7,"column":20},"end":{"line":7,"column":45}},"3":{"start":{"line":8,"column":2},"end":{"line":12,"column":3}},"4":{"start":{"line":9,"column":4},"end":{"line":9,"column":54}},"5":{"start":{"line":11,"column":4},"end":{"line":11,"column":60}}},"fnMap":{"0":{"name":"parseJson","decl":{"start":{"line":6,"column":16},"end":{"line":6,"column":25}},"loc":{"start":{"line":6,"column":38},"end":{"line":13,"column":1}}}},"branchMap":{"0":{"loc":{"start":{"line":7,"column":2},"end":{"line":7,"column":45}},"type":"if","locations":[{"start":{"line":7,"column":2},"end":{"line":7,"column":45}}]}},"s":{"0":1,"1":2,"2":0,"3":2,"4":2,"5":1},"f":{"0":2},"b":{"0":[0]}}
}
