TN:
SF:src/webview/App.tsx
FN:28,App
FN:31,(anonymous_10)
FN:32,onMessage
FN:39,(anonymous_12)
FNF:4
FNH:4
FNDA:6,App
FNDA:4,(anonymous_10)
FNDA:3,onMessage
FNDA:4,(anonymous_12)
DA:1,1
DA:2,1
DA:3,1
DA:5,1
DA:13,1
DA:19,1
DA:28,1
DA:29,6
DA:31,6
DA:33,3
DA:34,3
DA:35,2
DA:38,4
DA:39,4
DA:42,6
LF:15
LH:15
BRDA:34,0,0,2
BRDA:44,1,0,6
BRDA:44,1,1,4
BRDA:49,2,0,6
BRDA:49,2,1,1
BRDA:52,3,0,6
BRDA:52,3,1,1
BRF:7
BRH:7
end_of_record
TN:
SF:src/webview/parseJson.ts
FN:6,parseJson
FNF:1
FNH:1
FNDA:2,parseJson
DA:6,1
DA:7,2
DA:8,2
DA:9,2
DA:11,1
LF:5
LH:5
BRDA:7,0,0,0
BRF:1
BRH:0
end_of_record
